This file contains any messages produced by compilers while
running configure, to aid debugging if configure makes a mistake.

It was created by configure, which was
generated by GNU Autoconf 2.57.  Invocation command line was

  $ ./configure 

## --------- ##
## Platform. ##
## --------- ##

hostname = localhost.localdomain
uname -m = i686
uname -r = 2.6.11-1.1369_FC4smp
uname -s = Linux
uname -v = #1 SMP Thu Jun 2 23:08:39 EDT 2005

/usr/bin/uname -p = unknown
/bin/uname -X     = unknown

/bin/arch              = i686
/usr/bin/arch -k       = unknown
/usr/convex/getsysinfo = unknown
hostinfo               = unknown
/bin/machine           = unknown
/usr/bin/oslevel       = unknown
/bin/universe          = unknown

PATH: /usr/kerberos/bin
PATH: /usr/local/bin
PATH: /bin
PATH: /usr/bin
PATH: /usr/X11R6/bin
PATH: /home/archer/bin


## ----------- ##
## Core tests. ##
## ----------- ##

configure:1307: checking for a BSD-compatible install
configure:1361: result: /usr/bin/install -c
configure:1372: checking whether make sets $(MAKE)
configure:1392: result: yes
configure:1447: checking for gcc
configure:1463: found /usr/bin/gcc
configure:1473: result: gcc
configure:1717: checking for C compiler version
configure:1720: gcc --version </dev/null >&5
gcc (GCC) 4.0.0 20050519 (Red Hat 4.0.0-8)
Copyright (C) 2005 Free Software Foundation, Inc.
This is free software; see the source for copying conditions.  There is NO
warranty; not even for MERCHANTABILITY or FITNESS FOR A PARTICULAR PURPOSE.

configure:1723: $? = 0
configure:1725: gcc -v </dev/null >&5
Using built-in specs.
Target: i386-redhat-linux
Configured with: ../configure --prefix=/usr --mandir=/usr/share/man --infodir=/usr/share/info --enable-shared --enable-threads=posix --enable-checking=release --with-system-zlib --enable-__cxa_atexit --disable-libunwind-exceptions --enable-libgcj-multifile --enable-languages=c,c++,objc,java,f95,ada --enable-java-awt=gtk --with-java-home=/usr/lib/jvm/java-1.4.2-gcj-1.4.2.0/jre --host=i386-redhat-linux
Thread model: posix
gcc version 4.0.0 20050519 (Red Hat 4.0.0-8)
configure:1728: $? = 0
configure:1730: gcc -V </dev/null >&5
gcc: '-V' option must have argument
configure:1733: $? = 1
configure:1757: checking for C compiler default output
configure:1760: gcc    conftest.c  >&5
configure:1763: $? = 0
configure:1809: result: a.out
configure:1814: checking whether the C compiler works
configure:1820: ./a.out
configure:1823: $? = 0
configure:1840: result: yes
configure:1847: checking whether we are cross compiling
configure:1849: result: no
configure:1852: checking for suffix of executables
configure:1854: gcc -o conftest    conftest.c  >&5
configure:1857: $? = 0
configure:1882: result: 
configure:1888: checking for suffix of object files
configure:1910: gcc -c   conftest.c >&5
configure:1913: $? = 0
configure:1935: result: o
configure:1939: checking whether we are using the GNU C compiler
configure:1964: gcc -c   conftest.c >&5
configure:1967: $? = 0
configure:1970: test -s conftest.o
configure:1973: $? = 0
configure:1986: result: yes
configure:1992: checking whether gcc accepts -g
configure:2014: gcc -c -g  conftest.c >&5
configure:2017: $? = 0
configure:2020: test -s conftest.o
configure:2023: $? = 0
configure:2034: result: yes
configure:2051: checking for gcc option to accept ANSI C
configure:2112: gcc  -c -g -O2  conftest.c >&5
configure:2115: $? = 0
configure:2118: test -s conftest.o
configure:2121: $? = 0
configure:2139: result: none needed
configure:2157: gcc -c -g -O2  conftest.c >&5
conftest.c:2: error: syntax error before 'me'
configure:2160: $? = 1
configure: failed program was:
| #ifndef __cplusplus
|   choke me
| #endif
configure:2274: checking how to run the C preprocessor
configure:2310: gcc -E  conftest.c
configure:2316: $? = 0
configure:2348: gcc -E  conftest.c
configure:2347:28: error: ac_nonexistent.h: No such file or directory
configure:2354: $? = 1
configure: failed program was:
| #line 2339 "configure"
| /* confdefs.h.  */
| 
| #define PACKAGE_NAME ""
| #define PACKAGE_TARNAME ""
| #define PACKAGE_VERSION ""
| #define PACKAGE_STRING ""
| #define PACKAGE_BUGREPORT ""
| /* end confdefs.h.  */
| #include <ac_nonexistent.h>
configure:2392: result: gcc -E
configure:2417: gcc -E  conftest.c
configure:2423: $? = 0
configure:2455: gcc -E  conftest.c
configure:2454:28: error: ac_nonexistent.h: No such file or directory
configure:2461: $? = 1
configure: failed program was:
| #line 2446 "configure"
| /* confdefs.h.  */
| 
| #define PACKAGE_NAME ""
| #define PACKAGE_TARNAME ""
| #define PACKAGE_VERSION ""
| #define PACKAGE_STRING ""
| #define PACKAGE_BUGREPORT ""
| /* end confdefs.h.  */
| #include <ac_nonexistent.h>
configure:2507: checking for bison
configure:2523: found /usr/bin/bison
configure:2533: result: bison -y
configure:2549: checking for flex
configure:2565: found /usr/bin/flex
configure:2575: result: flex
configure:2588: checking for yywrap in -lfl
configure:2619: gcc -o conftest -g -O2   conftest.c -lfl   >&5
configure:2622: $? = 0
configure:2625: test -s conftest
configure:2628: $? = 0
configure:2640: result: yes
configure:2708: checking lex output file root
configure:2719: flex conftest.l
configure:2722: $? = 0
configure:2734: result: lex.yy
configure:2739: checking whether yytext is a pointer
configure:2755: gcc -o conftest -g -O2   conftest.c  -lfl >&5
configure:2758: $? = 0
configure:2761: test -s conftest
configure:2764: $? = 0
configure:2777: result: yes
configure:2790: checking for MD5_Init in -lcrypto
configure:2821: gcc -o conftest -g -O2   conftest.c -lcrypto   >&5
configure:2824: $? = 0
configure:2827: test -s conftest
configure:2830: $? = 0
configure:2842: result: yes
configure:2919: checking for __dn_comp in -lresolv
configure:2950: gcc -o conftest -g -O2   conftest.c -lresolv  -lcrypto  >&5
configure:2953: $? = 0
configure:2956: test -s conftest
configure:2959: $? = 0
configure:2971: result: yes
configure:2985: checking for getaddrinfo/getnameinfo library
configure:2988: checking for egrep
configure:2998: result: grep -E
configure:3021: result: 
configure:3104: checking for getaddrinfo
configure:3154: gcc -o conftest -g -O2 -I$(srcdir)   conftest.c -lresolv -lcrypto  >&5
configure:3157: $? = 0
configure:3160: test -s conftest
configure:3163: $? = 0
configure:3174: result: yes
configure:3191: checking for getnameinfo
configure:3241: gcc -o conftest -g -O2 -I$(srcdir)   conftest.c -lresolv -lcrypto  >&5
configure:3244: $? = 0
configure:3247: test -s conftest
configure:3250: $? = 0
configure:3261: result: yes
configure:3278: checking for ifaddrs
configure:3328: gcc -o conftest -g -O2 -I$(srcdir)   conftest.c -lresolv -lcrypto  >&5
/tmp/ccwlTJG9.o(.text+0x14): In function `main':
/home/archer/work/DHCPv6/dhcpv6/dhcp-0.10-sf/configure:3327: undefined reference to `ifaddrs'
/tmp/ccwlTJG9.o(.data+0x0): undefined reference to `ifaddrs'
collect2: ld returned 1 exit status
configure:3331: $? = 1
configure: failed program was:
| #line 3283 "configure"
| /* confdefs.h.  */
| 
| #define PACKAGE_NAME ""
| #define PACKAGE_TARNAME ""
| #define PACKAGE_VERSION ""
| #define PACKAGE_STRING ""
| #define PACKAGE_BUGREPORT ""
| #define YYTEXT_POINTER 1
| #define HAVE_LIBCRYPTO 1
| #define HAVE_LIBRESOLV 1
| #define HAVE_GETADDRINFO 1
| #define HAVE_GETNAMEINFO 1
| /* end confdefs.h.  */
| /* System header to define __stub macros and hopefully few prototypes,
|     which can conflict with char ifaddrs (); below.
|     Prefer <limits.h> to <assert.h> if __STDC__ is defined, since
|     <limits.h> exists even on freestanding compilers.  */
| #ifdef __STDC__
| # include <limits.h>
| #else
| # include <assert.h>
| #endif
| /* Override any gcc2 internal prototype to avoid an error.  */
| #ifdef __cplusplus
| extern "C"
| {
| #endif
| /* We use char because int might match the return type of a gcc2
|    builtin and then its argument prototype would still apply.  */
| char ifaddrs ();
| /* The GNU C library defines this for functions which it implements
|     to always fail with ENOSYS.  Some functions are actually named
|     something starting with __ and the normal name is an alias.  */
| #if defined (__stub_ifaddrs) || defined (__stub___ifaddrs)
| choke me
| #else
| char (*f) () = ifaddrs;
| #endif
| #ifdef __cplusplus
| }
| #endif
| 
| int
| main ()
| {
| return f != ifaddrs;
|   ;
|   return 0;
| }
configure:3348: result: no
configure:3365: checking for if_nametoindex
configure:3415: gcc -o conftest -g -O2 -I$(srcdir)   conftest.c -lresolv -lcrypto  >&5
configure:3418: $? = 0
configure:3421: test -s conftest
configure:3424: $? = 0
configure:3435: result: yes
configure:3450: checking for strlcpy
configure:3500: gcc -o conftest -g -O2 -I$(srcdir)   conftest.c -lresolv -lcrypto  >&5
/tmp/ccux2Yhu.o(.text+0x14): In function `main':
/home/archer/work/DHCPv6/dhcpv6/dhcp-0.10-sf/configure:3500: undefined reference to `strlcpy'
/tmp/ccux2Yhu.o(.data+0x0): undefined reference to `strlcpy'
collect2: ld returned 1 exit status
configure:3503: $? = 1
configure: failed program was:
| #line 3455 "configure"
| /* confdefs.h.  */
| 
| #define PACKAGE_NAME ""
| #define PACKAGE_TARNAME ""
| #define PACKAGE_VERSION ""
| #define PACKAGE_STRING ""
| #define PACKAGE_BUGREPORT ""
| #define YYTEXT_POINTER 1
| #define HAVE_LIBCRYPTO 1
| #define HAVE_LIBRESOLV 1
| #define HAVE_GETADDRINFO 1
| #define HAVE_GETNAMEINFO 1
| #define HAVE_IF_NAMETOINDEX 1
| /* end confdefs.h.  */
| /* System header to define __stub macros and hopefully few prototypes,
|     which can conflict with char strlcpy (); below.
|     Prefer <limits.h> to <assert.h> if __STDC__ is defined, since
|     <limits.h> exists even on freestanding compilers.  */
| #ifdef __STDC__
| # include <limits.h>
| #else
| # include <assert.h>
| #endif
| /* Override any gcc2 internal prototype to avoid an error.  */
| #ifdef __cplusplus
| extern "C"
| {
| #endif
| /* We use char because int might match the return type of a gcc2
|    builtin and then its argument prototype would still apply.  */
| char strlcpy ();
| /* The GNU C library defines this for functions which it implements
|     to always fail with ENOSYS.  Some functions are actually named
|     something starting with __ and the normal name is an alias.  */
| #if defined (__stub_strlcpy) || defined (__stub___strlcpy)
| choke me
| #else
| char (*f) () = strlcpy;
| #endif
| #ifdef __cplusplus
| }
| #endif
| 
| int
| main ()
| {
| return f != strlcpy;
|   ;
|   return 0;
| }
configure:3520: result: no
configure:3450: checking for strlcat
configure:3500: gcc -o conftest -g -O2 -I$(srcdir)   conftest.c -lresolv -lcrypto  >&5
/tmp/cc4ZHS9D.o(.text+0x14): In function `main':
/home/archer/work/DHCPv6/dhcpv6/dhcp-0.10-sf/configure:3500: undefined reference to `strlcat'
/tmp/cc4ZHS9D.o(.data+0x0): undefined reference to `strlcat'
collect2: ld returned 1 exit status
configure:3503: $? = 1
configure: failed program was:
| #line 3455 "configure"
| /* confdefs.h.  */
| 
| #define PACKAGE_NAME ""
| #define PACKAGE_TARNAME ""
| #define PACKAGE_VERSION ""
| #define PACKAGE_STRING ""
| #define PACKAGE_BUGREPORT ""
| #define YYTEXT_POINTER 1
| #define HAVE_LIBCRYPTO 1
| #define HAVE_LIBRESOLV 1
| #define HAVE_GETADDRINFO 1
| #define HAVE_GETNAMEINFO 1
| #define HAVE_IF_NAMETOINDEX 1
| /* end confdefs.h.  */
| /* System header to define __stub macros and hopefully few prototypes,
|     which can conflict with char strlcat (); below.
|     Prefer <limits.h> to <assert.h> if __STDC__ is defined, since
|     <limits.h> exists even on freestanding compilers.  */
| #ifdef __STDC__
| # include <limits.h>
| #else
| # include <assert.h>
| #endif
| /* Override any gcc2 internal prototype to avoid an error.  */
| #ifdef __cplusplus
| extern "C"
| {
| #endif
| /* We use char because int might match the return type of a gcc2
|    builtin and then its argument prototype would still apply.  */
| char strlcat ();
| /* The GNU C library defines this for functions which it implements
|     to always fail with ENOSYS.  Some functions are actually named
|     something starting with __ and the normal name is an alias.  */
| #if defined (__stub_strlcat) || defined (__stub___strlcat)
| choke me
| #else
| char (*f) () = strlcat;
| #endif
| #ifdef __cplusplus
| }
| #endif
| 
| int
| main ()
| {
| return f != strlcat;
|   ;
|   return 0;
| }
configure:3520: result: no
configure:3534: checking for ANSI C header files
configure:3560: gcc -c -g -O2 -I$(srcdir)  conftest.c >&5
configure:3563: $? = 0
configure:3566: test -s conftest.o
configure:3569: $? = 0
configure:3661: gcc -o conftest -g -O2 -I$(srcdir)   conftest.c -lresolv -lcrypto  >&5
configure: In function 'main':
configure:3660: warning: incompatible implicit declaration of built-in function 'exit'
configure:3664: $? = 0
configure:3666: ./conftest
configure:3669: $? = 0
configure:3684: result: yes
configure:3708: checking for sys/types.h
configure:3725: gcc -c -g -O2 -I$(srcdir)  conftest.c >&5
configure:3728: $? = 0
configure:3731: test -s conftest.o
configure:3734: $? = 0
configure:3745: result: yes
configure:3708: checking for sys/stat.h
configure:3725: gcc -c -g -O2 -I$(srcdir)  conftest.c >&5
configure:3728: $? = 0
configure:3731: test -s conftest.o
configure:3734: $? = 0
configure:3745: result: yes
configure:3708: checking for stdlib.h
configure:3725: gcc -c -g -O2 -I$(srcdir)  conftest.c >&5
configure:3728: $? = 0
configure:3731: test -s conftest.o
configure:3734: $? = 0
configure:3745: result: yes
configure:3708: checking for string.h
configure:3725: gcc -c -g -O2 -I$(srcdir)  conftest.c >&5
configure:3728: $? = 0
configure:3731: test -s conftest.o
configure:3734: $? = 0
configure:3745: result: yes
configure:3708: checking for memory.h
configure:3725: gcc -c -g -O2 -I$(srcdir)  conftest.c >&5
configure:3728: $? = 0
configure:3731: test -s conftest.o
configure:3734: $? = 0
configure:3745: result: yes
configure:3708: checking for strings.h
configure:3725: gcc -c -g -O2 -I$(srcdir)  conftest.c >&5
configure:3728: $? = 0
configure:3731: test -s conftest.o
configure:3734: $? = 0
configure:3745: result: yes
configure:3708: checking for inttypes.h
configure:3725: gcc -c -g -O2 -I$(srcdir)  conftest.c >&5
configure:3728: $? = 0
configure:3731: test -s conftest.o
configure:3734: $? = 0
configure:3745: result: yes
configure:3708: checking for stdint.h
configure:3725: gcc -c -g -O2 -I$(srcdir)  conftest.c >&5
configure:3728: $? = 0
configure:3731: test -s conftest.o
configure:3734: $? = 0
configure:3745: result: yes
configure:3708: checking for unistd.h
configure:3725: gcc -c -g -O2 -I$(srcdir)  conftest.c >&5
configure:3728: $? = 0
configure:3731: test -s conftest.o
configure:3734: $? = 0
configure:3745: result: yes
configure:3776: checking fcntl.h usability
configure:3789: gcc -c -g -O2 -I$(srcdir)  conftest.c >&5
configure:3792: $? = 0
configure:3795: test -s conftest.o
configure:3798: $? = 0
configure:3808: result: yes
configure:3812: checking fcntl.h presence
configure:3823: gcc -E  conftest.c
configure:3829: $? = 0
configure:3848: result: yes
configure:3884: checking for fcntl.h
configure:3891: result: yes
configure:3776: checking sys/ioctl.h usability
configure:3789: gcc -c -g -O2 -I$(srcdir)  conftest.c >&5
configure:3792: $? = 0
configure:3795: test -s conftest.o
configure:3798: $? = 0
configure:3808: result: yes
configure:3812: checking sys/ioctl.h presence
configure:3823: gcc -E  conftest.c
configure:3829: $? = 0
configure:3848: result: yes
configure:3884: checking for sys/ioctl.h
configure:3891: result: yes
configure:3776: checking sys/time.h usability
configure:3789: gcc -c -g -O2 -I$(srcdir)  conftest.c >&5
configure:3792: $? = 0
configure:3795: test -s conftest.o
configure:3798: $? = 0
configure:3808: result: yes
configure:3812: checking sys/time.h presence
configure:3823: gcc -E  conftest.c
configure:3829: $? = 0
configure:3848: result: yes
configure:3884: checking for sys/time.h
configure:3891: result: yes
configure:3776: checking syslog.h usability
configure:3789: gcc -c -g -O2 -I$(srcdir)  conftest.c >&5
configure:3792: $? = 0
configure:3795: test -s conftest.o
configure:3798: $? = 0
configure:3808: result: yes
configure:3812: checking syslog.h presence
configure:3823: gcc -E  conftest.c
configure:3829: $? = 0
configure:3848: result: yes
configure:3884: checking for syslog.h
configure:3891: result: yes
configure:3767: checking for unistd.h
configure:3772: result: yes
configure:3776: checking ifaddrs.h usability
configure:3789: gcc -c -g -O2 -I$(srcdir)  conftest.c >&5
configure:3792: $? = 0
configure:3795: test -s conftest.o
configure:3798: $? = 0
configure:3808: result: yes
configure:3812: checking ifaddrs.h presence
configure:3823: gcc -E  conftest.c
configure:3829: $? = 0
configure:3848: result: yes
configure:3884: checking for ifaddrs.h
configure:3891: result: yes
configure:3904: checking for socklen_t
configure:3924: gcc -c -g -O2 -I$(srcdir)  conftest.c >&5
configure:3927: $? = 0
configure:3930: test -s conftest.o
configure:3933: $? = 0
configure:3935: result: yes
configure:4003: checking for an ANSI C-conforming const
configure:4071: gcc -c -g -O2 -I$(srcdir)  conftest.c >&5
configure:4074: $? = 0
configure:4077: test -s conftest.o
configure:4080: $? = 0
configure:4091: result: yes
configure:4101: checking for size_t
configure:4126: gcc -c -g -O2 -I$(srcdir)  conftest.c >&5
configure:4129: $? = 0
configure:4132: test -s conftest.o
configure:4135: $? = 0
configure:4146: result: yes
configure:4158: checking whether time.h and sys/time.h may both be included
configure:4184: gcc -c -g -O2 -I$(srcdir)  conftest.c >&5
configure:4187: $? = 0
configure:4190: test -s conftest.o
configure:4193: $? = 0
configure:4204: result: yes
configure:4214: checking whether struct tm is in sys/time.h or time.h
configure:4238: gcc -c -g -O2 -I$(srcdir)  conftest.c >&5
configure:4241: $? = 0
configure:4244: test -s conftest.o
configure:4247: $? = 0
configure:4258: result: time.h
configure:4268: checking for struct tm.tm_zone
configure:4295: gcc -c -g -O2 -I$(srcdir)  conftest.c >&5
configure:4298: $? = 0
configure:4301: test -s conftest.o
configure:4304: $? = 0
configure:4355: result: yes
configure:4431: checking whether getpgrp requires zero arguments
configure:4454: gcc -c -g -O2 -I$(srcdir)  conftest.c >&5
configure: In function 'main':
configure:4507: error: too many arguments to function 'getpgrp'
configure:4457: $? = 1
configure: failed program was:
| #line 4437 "configure"
| /* confdefs.h.  */
| 
| #define PACKAGE_NAME ""
| #define PACKAGE_TARNAME ""
| #define PACKAGE_VERSION ""
| #define PACKAGE_STRING ""
| #define PACKAGE_BUGREPORT ""
| #define YYTEXT_POINTER 1
| #define HAVE_LIBCRYPTO 1
| #define HAVE_LIBRESOLV 1
| #define HAVE_GETADDRINFO 1
| #define HAVE_GETNAMEINFO 1
| #define HAVE_IF_NAMETOINDEX 1
| #define STDC_HEADERS 1
| #define HAVE_SYS_TYPES_H 1
| #define HAVE_SYS_STAT_H 1
| #define HAVE_STDLIB_H 1
| #define HAVE_STRING_H 1
| #define HAVE_MEMORY_H 1
| #define HAVE_STRINGS_H 1
| #define HAVE_INTTYPES_H 1
| #define HAVE_STDINT_H 1
| #define HAVE_UNISTD_H 1
| #define HAVE_FCNTL_H 1
| #define HAVE_SYS_IOCTL_H 1
| #define HAVE_SYS_TIME_H 1
| #define HAVE_SYSLOG_H 1
| #define HAVE_UNISTD_H 1
| #define HAVE_IFADDRS_H 1
| #define TIME_WITH_SYS_TIME 1
| #define HAVE_STRUCT_TM_TM_ZONE 1
| #define HAVE_TM_ZONE 1
| /* end confdefs.h.  */
| #include <stdio.h>
| #if HAVE_SYS_TYPES_H
| # include <sys/types.h>
| #endif
| #if HAVE_SYS_STAT_H
| # include <sys/stat.h>
| #endif
| #if STDC_HEADERS
| # include <stdlib.h>
| # include <stddef.h>
| #else
| # if HAVE_STDLIB_H
| #  include <stdlib.h>
| # endif
| #endif
| #if HAVE_STRING_H
| # if !STDC_HEADERS && HAVE_MEMORY_H
| #  include <memory.h>
| # endif
| # include <string.h>
| #endif
| #if HAVE_STRINGS_H
| # include <strings.h>
| #endif
| #if HAVE_INTTYPES_H
| # include <inttypes.h>
| #else
| # if HAVE_STDINT_H
| #  include <stdint.h>
| # endif
| #endif
| #if HAVE_UNISTD_H
| # include <unistd.h>
| #endif
| int
| main ()
| {
| getpgrp (0);
|   ;
|   return 0;
| }
configure:4475: result: yes
configure:4486: checking whether gcc needs -traditional
configure:4530: result: no
configure:4537: checking whether setpgrp takes no argument
configure:4570: gcc -o conftest -g -O2 -I$(srcdir)   conftest.c -lresolv -lcrypto  >&5
configure: In function 'main':
configure:4591: warning: incompatible implicit declaration of built-in function 'exit'
configure:4591: error: too many arguments to function 'setpgrp'
configure:4573: $? = 1
configure: program exited with status 1
configure: failed program was:
| #line 4547 "configure"
| /* confdefs.h.  */
| 
| #define PACKAGE_NAME ""
| #define PACKAGE_TARNAME ""
| #define PACKAGE_VERSION ""
| #define PACKAGE_STRING ""
| #define PACKAGE_BUGREPORT ""
| #define YYTEXT_POINTER 1
| #define HAVE_LIBCRYPTO 1
| #define HAVE_LIBRESOLV 1
| #define HAVE_GETADDRINFO 1
| #define HAVE_GETNAMEINFO 1
| #define HAVE_IF_NAMETOINDEX 1
| #define STDC_HEADERS 1
| #define HAVE_SYS_TYPES_H 1
| #define HAVE_SYS_STAT_H 1
| #define HAVE_STDLIB_H 1
| #define HAVE_STRING_H 1
| #define HAVE_MEMORY_H 1
| #define HAVE_STRINGS_H 1
| #define HAVE_INTTYPES_H 1
| #define HAVE_STDINT_H 1
| #define HAVE_UNISTD_H 1
| #define HAVE_FCNTL_H 1
| #define HAVE_SYS_IOCTL_H 1
| #define HAVE_SYS_TIME_H 1
| #define HAVE_SYSLOG_H 1
| #define HAVE_UNISTD_H 1
| #define HAVE_IFADDRS_H 1
| #define TIME_WITH_SYS_TIME 1
| #define HAVE_STRUCT_TM_TM_ZONE 1
| #define HAVE_TM_ZONE 1
| #define GETPGRP_VOID 1
| /* end confdefs.h.  */
| #if HAVE_UNISTD_H
| # include <unistd.h>
| #endif
| 
| int
| main ()
| {
| /* If this system has a BSD-style setpgrp which takes arguments,
|   setpgrp(1, 1) will fail with ESRCH and return -1, in that case
|   exit successfully. */
|   exit (setpgrp (1,1) == -1 ? 0 : 1);
|   ;
|   return 0;
| }
configure:4592: result: yes
configure:4602: checking return type of signal handlers
configure:4634: gcc -c -g -O2 -I$(srcdir)  conftest.c >&5
configure:4637: $? = 0
configure:4640: test -s conftest.o
configure:4643: $? = 0
configure:4654: result: void
configure:4668: checking for mktime
configure:4718: gcc -o conftest -g -O2 -I$(srcdir)   conftest.c -lresolv -lcrypto  >&5
configure:4721: $? = 0
configure:4724: test -s conftest
configure:4727: $? = 0
configure:4738: result: yes
configure:4668: checking for select
configure:4718: gcc -o conftest -g -O2 -I$(srcdir)   conftest.c -lresolv -lcrypto  >&5
configure:4721: $? = 0
configure:4724: test -s conftest
configure:4727: $? = 0
configure:4738: result: yes
configure:4668: checking for socket
configure:4718: gcc -o conftest -g -O2 -I$(srcdir)   conftest.c -lresolv -lcrypto  >&5
configure:4721: $? = 0
configure:4724: test -s conftest
configure:4727: $? = 0
configure:4738: result: yes
configure:4750: checking if --enable-mediator option is specified
configure:4764: result: no
configure:4767: checking if --enable-pedant option is specified
configure:4778: result: no
configure:4781: checking ANSI predeclared __func__
configure:4800: gcc -c -g -O2 -I$(srcdir)  conftest.c >&5
configure: In function 'func':
configure:4826: warning: incompatible implicit declaration of built-in function 'printf'
configure:4803: $? = 0
configure:4806: test -s conftest.o
configure:4809: $? = 0
configure:4811: result: yes
configure:4882: checking for DHCP DNS resolvers option 
configure:4894: result: unspecified and using 25
configure:4902: checking for DHCP domain list option 
configure:4914: result: unspecified and using 26
configure:4922: checking for DHCP prefix delegation option
configure:4934: result: unspecified and using 30
configure:4942: checking for DHCP prefix information option
configure:4954: result: unspecified and using 31
configure:4962: checking for DHCP prefix request option
configure:4974: result: unspecified and using 32
configure:4996: checking stdarg.h usability
configure:5009: gcc -c -g -O2 -I$(srcdir)  conftest.c >&5
configure:5012: $? = 0
configure:5015: test -s conftest.o
configure:5018: $? = 0
configure:5028: result: yes
configure:5032: checking stdarg.h presence
configure:5043: gcc -E  conftest.c
configure:5049: $? = 0
configure:5068: result: yes
configure:5104: checking for stdarg.h
configure:5111: result: yes
configure:5252: creating ./config.status

## ---------------------- ##
## Running config.status. ##
## ---------------------- ##

This file was extended by config.status, which was
generated by GNU Autoconf 2.57.  Invocation command line was

  CONFIG_FILES    = 
  CONFIG_HEADERS  = 
  CONFIG_LINKS    = 
  CONFIG_COMMANDS = 
  $ ./config.status 

on localhost.localdomain

config.status:617: creating Makefile

## ---------------- ##
## Cache variables. ##
## ---------------- ##

ac_cv_c_compiler_gnu=yes
ac_cv_c_const=yes
ac_cv_env_CC_set=
ac_cv_env_CC_value=
ac_cv_env_CFLAGS_set=
ac_cv_env_CFLAGS_value=
ac_cv_env_CPPFLAGS_set=
ac_cv_env_CPPFLAGS_value=
ac_cv_env_CPP_set=
ac_cv_env_CPP_value=
ac_cv_env_LDFLAGS_set=
ac_cv_env_LDFLAGS_value=
ac_cv_env_build_alias_set=
ac_cv_env_build_alias_value=
ac_cv_env_host_alias_set=
ac_cv_env_host_alias_value=
ac_cv_env_target_alias_set=
ac_cv_env_target_alias_value=
ac_cv_exeext=
ac_cv_func_getaddrinfo=yes
ac_cv_func_getnameinfo=yes
ac_cv_func_getpgrp_void=yes
ac_cv_func_if_nametoindex=yes
ac_cv_func_ifaddrs=no
ac_cv_func_mktime=yes
ac_cv_func_select=yes
ac_cv_func_setpgrp_void=yes
ac_cv_func_socket=yes
ac_cv_func_strlcat=no
ac_cv_func_strlcpy=no
ac_cv_header_fcntl_h=yes
ac_cv_header_ifaddrs_h=yes
ac_cv_header_inttypes_h=yes
ac_cv_header_memory_h=yes
ac_cv_header_stdarg_h=yes
ac_cv_header_stdc=yes
ac_cv_header_stdint_h=yes
ac_cv_header_stdlib_h=yes
ac_cv_header_string_h=yes
ac_cv_header_strings_h=yes
ac_cv_header_sys_ioctl_h=yes
ac_cv_header_sys_stat_h=yes
ac_cv_header_sys_time_h=yes
ac_cv_header_sys_types_h=yes
ac_cv_header_syslog_h=yes
ac_cv_header_time=yes
ac_cv_header_unistd_h=yes
ac_cv_lib_crypto_MD5_Init=yes
ac_cv_lib_fl_yywrap=yes
ac_cv_lib_resolv___dn_comp=yes
ac_cv_member_struct_tm_tm_zone=yes
ac_cv_objext=o
ac_cv_path_install='/usr/bin/install -c'
ac_cv_prog_CPP='gcc -E'
ac_cv_prog_LEX=flex
ac_cv_prog_YACC='bison -y'
ac_cv_prog_ac_ct_CC=gcc
ac_cv_prog_cc_g=yes
ac_cv_prog_cc_stdc=
ac_cv_prog_egrep='grep -E'
ac_cv_prog_gcc_traditional=no
ac_cv_prog_lex_root=lex.yy
ac_cv_prog_lex_yytext_pointer=yes
ac_cv_prog_make_make_set=yes
ac_cv_struct_tm=time.h
ac_cv_type_signal=void
ac_cv_type_size_t=yes

## ----------------- ##
## Output variables. ##
## ----------------- ##

CC='gcc'
CFLAGS='-g -O2 -I$(srcdir)'
CPP='gcc -E'
CPPFLAGS=''
DEFS='-DPACKAGE_NAME=\"\" -DPACKAGE_TARNAME=\"\" -DPACKAGE_VERSION=\"\" -DPACKAGE_STRING=\"\" -DPACKAGE_BUGREPORT=\"\" -DYYTEXT_POINTER=1 -DHAVE_LIBCRYPTO=1 -DHAVE_LIBRESOLV=1 -DHAVE_GETADDRINFO=1 -DHAVE_GETNAMEINFO=1 -DHAVE_IF_NAMETOINDEX=1 -DSTDC_HEADERS=1 -DHAVE_SYS_TYPES_H=1 -DHAVE_SYS_STAT_H=1 -DHAVE_STDLIB_H=1 -DHAVE_STRING_H=1 -DHAVE_MEMORY_H=1 -DHAVE_STRINGS_H=1 -DHAVE_INTTYPES_H=1 -DHAVE_STDINT_H=1 -DHAVE_UNISTD_H=1 -DHAVE_FCNTL_H=1 -DHAVE_SYS_IOCTL_H=1 -DHAVE_SYS_TIME_H=1 -DHAVE_SYSLOG_H=1 -DHAVE_UNISTD_H=1 -DHAVE_IFADDRS_H=1 -DTIME_WITH_SYS_TIME=1 -DHAVE_STRUCT_TM_TM_ZONE=1 -DHAVE_TM_ZONE=1 -DGETPGRP_VOID=1 -DSETPGRP_VOID=1 -DRETSIGTYPE=void -DHAVE_MKTIME=1 -DHAVE_SELECT=1 -DHAVE_SOCKET=1 -DHAVE_ANSI_FUNC=1 -DHAVE_STDARG_H=1 '
ECHO_C=''
ECHO_N='-n'
ECHO_T=''
EGREP='grep -E'
EXEEXT=''
INSTALL_DATA='${INSTALL} -m 644'
INSTALL_PROGRAM='${INSTALL}'
INSTALL_SCRIPT='${INSTALL}'
LDFLAGS=''
LEX='flex'
LEXLIB='-lfl'
LEX_OUTPUT_ROOT='lex.yy'
LIBOBJS=' ifaddrs$U.o strlcpy$U.o strlcat$U.o'
LIBS='-lresolv -lcrypto '
LTLIBOBJS=' ifaddrs$U.lo strlcpy$U.lo strlcat$U.lo'
OBJEXT='o'
PACKAGE_BUGREPORT=''
PACKAGE_NAME=''
PACKAGE_STRING=''
PACKAGE_TARNAME=''
PACKAGE_VERSION=''
PATH_SEPARATOR=':'
SET_MAKE=''
SHELL='/bin/sh'
YACC='bison -y'
ac_ct_CC='gcc'
bindir='${exec_prefix}/bin'
build_alias=''
datadir='${prefix}/share'
dhcpopt_dns_resolvers='25'
dhcpopt_domain_list='26'
dhcpopt_pdel='30'
dhcpopt_pinfo='31'
dhcpopt_preq='32'
exec_prefix='${prefix}'
host_alias=''
includedir='${prefix}/include'
infodir='${prefix}/info'
libdir='${exec_prefix}/lib'
libexecdir='${exec_prefix}/libexec'
localstatedir='${prefix}/var'
mandir='${prefix}/man'
oldincludedir='/usr/include'
prefix='/usr/local'
program_transform_name='s,x,x,'
sbindir='${exec_prefix}/sbin'
sharedstatedir='${prefix}/com'
sysconfdir='${prefix}/etc'
target_alias=''

## ----------- ##
## confdefs.h. ##
## ----------- ##

#define GETPGRP_VOID 1
#define HAVE_ANSI_FUNC 1
#define HAVE_FCNTL_H 1
#define HAVE_GETADDRINFO 1
#define HAVE_GETNAMEINFO 1
#define HAVE_IFADDRS_H 1
#define HAVE_IF_NAMETOINDEX 1
#define HAVE_INTTYPES_H 1
#define HAVE_LIBCRYPTO 1
#define HAVE_LIBRESOLV 1
#define HAVE_MEMORY_H 1
#define HAVE_MKTIME 1
#define HAVE_SELECT 1
#define HAVE_SOCKET 1
#define HAVE_STDARG_H 1
#define HAVE_STDINT_H 1
#define HAVE_STDLIB_H 1
#define HAVE_STRINGS_H 1
#define HAVE_STRING_H 1
#define HAVE_STRUCT_TM_TM_ZONE 1
#define HAVE_SYSLOG_H 1
#define HAVE_SYS_IOCTL_H 1
#define HAVE_SYS_STAT_H 1
#define HAVE_SYS_TIME_H 1
#define HAVE_SYS_TYPES_H 1
#define HAVE_TM_ZONE 1
#define HAVE_UNISTD_H 1
#define HAVE_UNISTD_H 1
#define PACKAGE_BUGREPORT ""
#define PACKAGE_NAME ""
#define PACKAGE_STRING ""
#define PACKAGE_TARNAME ""
#define PACKAGE_VERSION ""
#define RETSIGTYPE void
#define SETPGRP_VOID 1
#define STDC_HEADERS 1
#define TIME_WITH_SYS_TIME 1
#define YYTEXT_POINTER 1

configure: exit 0
